gyp info it worked if it ends with ok
gyp info using node-gyp@8.4.1
gyp info using node@16.14.2 | darwin | arm64
gyp info find Python using Python version 3.8.9 found at "/Library/Developer/CommandLineTools/usr/bin/python3"
gyp info spawn /Library/Developer/CommandLineTools/usr/bin/python3
gyp info spawn args [
gyp info spawn args   '/usr/local/lib/node_modules/npm/node_modules/node-gyp/gyp/gyp_main.py',
gyp info spawn args   'binding.gyp',
gyp info spawn args   '-f',
gyp info spawn args   'make',
gyp info spawn args   '-I',
gyp info spawn args   '/Users/arunms/Downloads/GadgetZone-master/node_modules/kerberos/build/config.gypi',
gyp info spawn args   '-I',
gyp info spawn args   '/usr/local/lib/node_modules/npm/node_modules/node-gyp/addon.gypi',
gyp info spawn args   '-I',
gyp info spawn args   '/Users/arunms/Library/Caches/node-gyp/16.14.2/include/node/common.gypi',
gyp info spawn args   '-Dlibrary=shared_library',
gyp info spawn args   '-Dvisibility=default',
gyp info spawn args   '-Dnode_root_dir=/Users/arunms/Library/Caches/node-gyp/16.14.2',
gyp info spawn args   '-Dnode_gyp_dir=/usr/local/lib/node_modules/npm/node_modules/node-gyp',
gyp info spawn args   '-Dnode_lib_file=/Users/arunms/Library/Caches/node-gyp/16.14.2/<(target_arch)/node.lib',
gyp info spawn args   '-Dmodule_root_dir=/Users/arunms/Downloads/GadgetZone-master/node_modules/kerberos',
gyp info spawn args   '-Dnode_engine=v8',
gyp info spawn args   '--depth=.',
gyp info spawn args   '--no-parallel',
gyp info spawn args   '--generator-output',
gyp info spawn args   'build',
gyp info spawn args   '-Goutput_dir=.'
gyp info spawn args ]
gyp info spawn make
gyp info spawn args [ 'BUILDTYPE=Release', '-C', 'build' ]
In file included from ../lib/kerberos.cc:1:
In file included from ../lib/kerberos.h:9:
In file included from ../../nan/nan.h:82:
../../nan/nan_new.h:24:43: error: no member named 'Handle' in namespace 'v8'
template <typename T> v8::Local<T> To(v8::Handle<v8::Integer> i);
                                      ~~~~^
../../nan/nan_new.h:24:61: error: expected '(' for function-style cast or type construction
template <typename T> v8::Local<T> To(v8::Handle<v8::Integer> i);
                                                 ~~~~~~~~~~~^
../../nan/nan_new.h:24:63: error: use of undeclared identifier 'i'
template <typename T> v8::Local<T> To(v8::Handle<v8::Integer> i);
                                                              ^
../../nan/nan_new.h:29:21: error: no template named 'Handle' in namespace 'v8'
To<v8::Integer>(v8::Handle<v8::Integer> i) { return i->ToInteger(); }
                ~~~~^
../../nan/nan_new.h:34:19: error: no template named 'Handle' in namespace 'v8'
To<v8::Int32>(v8::Handle<v8::Integer> i)   { return i->ToInt32(); }
              ~~~~^
../../nan/nan_new.h:39:20: error: no template named 'Handle' in namespace 'v8'
To<v8::Uint32>(v8::Handle<v8::Integer> i)  { return i->ToUint32(); }
               ~~~~^
../../nan/nan_new.h:66:12: error: no template named 'Handle' in namespace 'v8'
     , v8::Handle<v8::ObjectTemplate> tmpl = v8::Handle<v8::ObjectTemplate>()
       ~~~~^
../../nan/nan_new.h:67:12: error: no template named 'Handle' in namespace 'v8'
     , v8::Handle<v8::Value> obj = v8::Handle<v8::Value>());
       ~~~~^
../../nan/nan_new.h:66:50: error: no member named 'Handle' in namespace 'v8'
     , v8::Handle<v8::ObjectTemplate> tmpl = v8::Handle<v8::ObjectTemplate>()
                                             ~~~~^
../../nan/nan_new.h:66:75: error: expected '(' for function-style cast or type construction
     , v8::Handle<v8::ObjectTemplate> tmpl = v8::Handle<v8::ObjectTemplate>()
                                                        ~~~~~~~~~~~~~~~~~~^
../../nan/nan_new.h:66:77: error: expected expression
     , v8::Handle<v8::ObjectTemplate> tmpl = v8::Handle<v8::ObjectTemplate>()
                                                                            ^
../../nan/nan_new.h:67:40: error: no member named 'Handle' in namespace 'v8'
     , v8::Handle<v8::Value> obj = v8::Handle<v8::Value>());
                                   ~~~~^
../../nan/nan_new.h:67:56: error: expected '(' for function-style cast or type construction
     , v8::Handle<v8::Value> obj = v8::Handle<v8::Value>());
                                              ~~~~~~~~~^
../../nan/nan_new.h:67:58: error: expected expression
     , v8::Handle<v8::Value> obj = v8::Handle<v8::Value>());
                                                         ^
../../nan/nan_new.h:85:12: error: no template named 'Handle' in namespace 'v8'
     , v8::Handle<v8::Value> data = v8::Handle<v8::Value>());
       ~~~~^
../../nan/nan_new.h:85:41: error: no member named 'Handle' in namespace 'v8'
     , v8::Handle<v8::Value> data = v8::Handle<v8::Value>());
                                    ~~~~^
../../nan/nan_new.h:85:57: error: expected '(' for function-style cast or type construction
     , v8::Handle<v8::Value> data = v8::Handle<v8::Value>());
                                               ~~~~~~~~~^
../../nan/nan_new.h:85:59: error: expected expression
     , v8::Handle<v8::Value> data = v8::Handle<v8::Value>());
                                                          ^
../../nan/nan_new.h:93:12: error: no template named 'Handle' in namespace 'v8'
     , v8::Handle<v8::Value> data = v8::Handle<v8::Value>()
       ~~~~^
fatal error: too many errors emitted, stopping now [-ferror-limit=]
20 errors generated.
make: *** [Release/obj.target/kerberos/lib/kerberos.o] Error 1
gyp ERR! build error 
gyp ERR! stack Error: `make` failed with exit code: 2
gyp ERR! stack     at ChildProcess.onExit (/usr/local/lib/node_modules/npm/node_modules/node-gyp/lib/build.js:194:23)
gyp ERR! stack     at ChildProcess.emit (node:events:526:28)
gyp ERR! stack     at Process.ChildProcess._handle.onexit (node:internal/child_process:291:12)
gyp ERR! System Darwin 21.4.0
gyp ERR! command "/usr/local/bin/node" "/usr/local/lib/node_modules/npm/node_modules/node-gyp/bin/node-gyp.js" "rebuild"
gyp ERR! cwd /Users/arunms/Downloads/GadgetZone-master/node_modules/kerberos
gyp ERR! node -v v16.14.2
gyp ERR! node-gyp -v v8.4.1
gyp ERR! not ok 
